<?xml version="1.0" encoding="utf-8"?><testsuites name="pytest tests"><testsuite name="pytest" errors="0" failures="4" skipped="4" tests="824" time="162.358" timestamp="2026-01-21T16:14:51.487621+03:00" hostname="Puremag1cs-MacBook-Air.local"><properties>
[...]
</properties><testcase classname="tests.test_analysis_router.TestAnalysisStatusEndpoint" name="test_get_status_valid_task" time="0.019" /><testcase classname="tests.test_analysis_router.TestAnalysisStatusEndpoint" name="test_get_status_invalid_uuid" time="0.011" /><testcase classname="tests.test_analysis_router.TestAnalysisStatusEndpoint" name="test_get_status_nonexistent_task" time="0.012" /><testcase classname="tests.test_analysis_router.TestAnalysisResultsEndpoint" name="test_get_results_completed_task" time="0.020" /><testcase classname="tests.test_analysis_router.TestAnalysisResultsEndpoint" name="test_get_results_in_progress_task" time="0.017" /><testcase classname="tests.test_analysis_router.TestAnalysisResultsEndpoint" name="test_get_results_failed_task" time="0.017" /><testcase classname="tests.test_analysis_router.TestAnalysisResultsEndpoint" name="test_get_results_invalid_uuid" time="0.016" /><testcase classname="tests.test_analysis_router.TestProgressStreamEndpoint" name="test_progress_stream_invalid_uuid" time="0.012" /><testcase classname="tests.test_analysis_router.TestProgressStreamEndpoint" name="test_progress_stream_nonexistent_task" time="0.012" /><testcase classname="tests.test_analysis_router.TestProgressStreamEndpoint" name="test_progress_stream_valid_task" time="0.012" /><testcase classname="tests.test_analysis_router.TestResultsPage" name="test_results_page_no_task_id" time="0.025" /><testcase classname="tests.test_analysis_router.TestResultsPage" name="test_results_page_with_valid_task" time="0.026" /><testcase classname="tests.test_analysis_router.TestResultsPage" name="test_results_page_with_invalid_task" time="0.026" /><testcase classname="tests.test_analyzer.TestComputeMetrics" name="test_empty_messages" time="0.000" /><testcase classname="tests.test_analyzer.TestComputeMetrics" name="test_single_message" time="0.000" /><testcase classname="tests.test_analyzer.TestComputeMetrics" name="test_multiple_messages_same_author" time="0.000" /><testcase classname="tests.test_analyzer.TestComputeMetrics" name="test_multiple_unique_authors" time="0.000" /><testcase classname="tests.test_analyzer.TestComputeMetrics" name="test_anonymous_authors_counted_as_chat" time="0.000" /><testcase classname="tests.test_analyzer.TestComputeMetrics" name="test_mixed_anonymous_and_regular_authors" time="0.000" /><testcase classname="tests.test_analyzer.TestComputeMetrics" name="test_history_hours_calculation" time="0.000" /><testcase classname="tests.test_analyzer.TestComputeMetrics" name="test_unsorted_messages" time="0.000" /><testcase classname="tests.test_analyzer.TestComputeMetrics" name="test_fractional_hours" time="0.000" /><testcase classname="tests.test_analyzer.TestComputeMetrics" name="test_preserves_timezone_info" time="0.000" /><testcase classname="tests.test_analyzer.TestMessagesPerHour" name="test_empty_metrics_returns_zero" time="0.000" /><testcase classname="tests.test_analyzer.TestMessagesPerHour" name="test_single_message_returns_zero" time="0.000" /><testcase classname="tests.test_analyzer.TestMessagesPerHour" name="test_normal_calculation" time="0.000" /><testcase classname="tests.test_analyzer.TestMessagesPerHour" name="test_fractional_rate" time="0.000" /><testcase classname="tests.test_analyzer.TestMessagesPerHour" name="test_high_activity" time="0.000" /><testcase classname="tests.test_analyzer.TestMessagesPerHour" name="test_via_compute_metrics" time="0.000" /><testcase classname="tests.test_analyzer.TestEdgeCases" name="test_messages_with_identical_timestamps" time="0.000" /><testcase classname="tests.test_analyzer.TestEdgeCases" name="test_large_message_count" time="0.081" /><testcase classname="tests.test_analyzer.TestEdgeCases" name="test_microsecond_precision" time="0.000" /><testcase classname="tests.test_analyzer.TestEdgeCases" name="test_very_long_time_span" time="0.000" /><testcase classname="tests.test_analyzer.TestEdgeCases" name="test_all_messages_same_author_different_times" time="0.001" /><testcase classname="tests.test_analyzer.TestEdgeCases" name="test_extreme_author_diversity" time="0.000" /><testcase classname="tests.test_analyzer.TestEdgeCases" name="test_two_authors_alternating" time="0.000" /><testcase classname="tests.test_analyzer.TestEdgeCases" name="test_messages_in_reverse_chronological_order" time="0.000" /><testcase classname="tests.test_analyzer.TestEdgeCases" name="test_single_author_with_zero_time_span" time="0.000" /><testcase classname="tests.test_analyzer.TestEdgeCases" name="test_deleted_accounts_counted_by_id" time="0.000" /><testcase classname="tests.test_analyzer.TestEdgeCases" name="test_multiple_deleted_accounts_are_distinct" time="0.000" /><testcase classname="tests.test_analyzer.TestEdgeCases" name="test_forwarded_messages_count_forwarder" time="0.000" /><testcase classname="tests.test_analyzer.TestEdgeCases" name="test_same_user_forwarding_and_posting" time="0.000" /><testcase classname="tests.test_analyzer.TestMessageGapDetection" name="test_no_gaps_sequential_ids" time="0.000" /><testcase classname="tests.test_analyzer.TestMessageGapDetection" name="test_gaps_detected_with_missing_ids" time="0.000" /><testcase classname="tests.test_analyzer.TestMessageGapDetection" name="test_single_message_has_no_gaps" time="0.000" /><testcase classname="tests.test_analyzer.TestMessageGapDetection" name="test_empty_messages_has_no_gaps" time="0.000" /><testcase classname="tests.test_analyzer.TestMessageGapDetection" name="test_gaps_affect_history_hours_note" time="0.000" /><testcase classname="tests.test_analyzer.TestStreamingMetricsAggregator" name="test_empty_aggregator_returns_empty_metrics" time="0.000" /><testcase classname="tests.test_analyzer.TestStreamingMetricsAggregator" name="test_add_single_batch" time="0.000" /><testcase classname="tests.test_analyzer.TestStreamingMetricsAggregator" name="test_add_multiple_batches" time="0.000" /><testcase classname="tests.test_analyzer.TestStreamingMetricsAggregator" name="test_add_single_message" time="0.000" /><testcase classname="tests.test_analyzer.TestStreamingMetricsAggregator" name="test_empty_batch_ignored" time="0.000" /><testcase classname="tests.test_analyzer.TestStreamingMetricsAggregator" name="test_batches_with_out_of_order_timestamps" time="0.000" /><testcase classname="tests.test_analyzer.TestStreamingMetricsAggregator" name="test_reset_clears_state" time="0.000" /><testcase classname="tests.test_analyzer.TestStreamingMetricsAggregator" name="test_large_number_of_batches" time="0.043" /><testcase classname="tests.test_analyzer.TestStreamingMetricsAggregator" name="test_matches_compute_metrics_result" time="0.001" /><testcase classname="tests.test_analyzer.TestStreamingMetricsAggregator" name="test_author_set_size_bytes_estimation" time="0.001" /><testcase classname="tests.test_analyzer.TestStreamingMetricsAggregator" name="test_progressive_properties" time="0.000" /><testcase classname="tests.test_chat_validation.TestChatIdValidation" name="test_validate_all_valid_ids" time="0.002" /><testcase classname="tests.test_chat_validation.TestChatIdValidation" name="test_validate_some_invalid_ids" time="0.001" /><testcase classname="tests.test_chat_validation.TestChatIdValidation" name="test_validate_all_invalid_ids" time="0.001" /><testcase classname="tests.test_chat_validation.TestChatIdValidation" name="test_validate_clears_cache" time="0.001" /><testcase classname="tests.test_chat_validation.TestChatIdValidation" name="test_validate_empty_list" time="0.001" /><testcase classname="tests.test_chats_router.TestChatsPage" name="test_chats_page_loads" time="0.019" /><testcase classname="tests.test_chats_router.TestChatsAPI" name="test_get_chats_no_session_selected" time="0.017" /><testcase classname="tests.test_chats_router.TestChatsAPI" name="test_get_chats_session_not_found" time="0.014" /><testcase classname="tests.test_chats_router.TestChatsAPI" name="test_get_chats_success" time="0.017" /><testcase classname="tests.test_chats_router.TestChatsAPI" name="test_get_chats_with_pagination" time="0.016" /><testcase classname="tests.test_chats_router.TestChatsAPI" name="test_get_chats_last_page" time="0.016" /><testcase classname="tests.test_chats_router.TestChatsAPI" name="test_get_chats_json_no_session" time="0.011" /><testcase classname="tests.test_chats_router.TestChatsAPI" name="test_get_chats_json_session_not_found" time="0.012" /><testcase classname="tests.test_chats_router.TestChatsAPI" name="test_get_chats_json_success" time="0.013" /><testcase classname="tests.test_cleanup.TestCleanupOrphanedTempFiles" name="test_removes_temp_files" time="0.001" /><testcase classname="tests.test_cleanup.TestCleanupOrphanedTempFiles" name="test_removes_temp_files_recursively" time="0.001" /><testcase classname="tests.test_cleanup.TestCleanupOrphanedTempFiles" name="test_handles_no_temp_files" time="0.001" /><testcase classname="tests.test_cleanup.TestCleanupOrphanedTempFiles" name="test_handles_nonexistent_directory" time="0.000" /><testcase classname="tests.test_cleanup.TestCleanupOrphanedTempFiles" name="test_skips_temp_directories" time="0.001" /><testcase classname="tests.test_cleanup.TestCleanupOrphanedDbJournals" name="test_removes_journal_files" time="0.001" /><testcase classname="tests.test_cleanup.TestCleanupOrphanedDbJournals" name="test_handles_missing_journal_files" time="0.001" /><testcase classname="tests.test_cleanup.TestCleanupOrphanedDbJournals" name="test_removes_only_relevant_journals" time="0.001" /><testcase classname="tests.test_cleanup.TestCleanupOrphanedDbJournals" name="test_handles_nonexistent_db_path" time="0.001" /><testcase classname="tests.test_cleanup.TestCleanupOrphanedDbJournals" name="test_cleanup_with_real_sqlite_database" time="0.002" /><testcase classname="tests.test_cleanup.TestCleanupOrphanedResources" name="test_comprehensive_cleanup" time="0.001" /><testcase classname="tests.test_cleanup.TestCleanupOrphanedResources" name="test_handles_no_orphaned_resources" time="0.001" /><testcase classname="tests.test_cleanup.TestCleanupOrphanedResources" name="test_handles_partial_failures_gracefully" time="0.001" /><testcase classname="tests.test_cleanup.TestCleanupOrphanedResources" name="test_custom_db_name" time="0.001" /><testcase classname="tests.test_cleanup.TestCleanupOrphanedResources" name="test_cleanup_stats_dataclass" time="0.000" /><testcase classname="tests.test_cleanup.TestCleanupOldSessionFiles" name="test_skips_cleanup_when_disabled" time="0.001" /><testcase classname="tests.test_cleanup.TestCleanupOldSessionFiles" name="test_delegates_to_storage_module" time="0.001" /><testcase classname="tests.test_config_paths.TestPlatformPaths" name="test_data_dir_returns_path" time="0.000" /><testcase classname="tests.test_config_paths.TestPlatformPaths" name="test_config_dir_returns_path" time="0.000" /><testcase classname="tests.test_config_paths.TestPlatformPaths" name="test_cache_dir_returns_path" time="0.000" /><testcase classname="tests.test_config_paths.TestPlatformPaths" name="test_log_dir_returns_path" time="0.000" /><testcase classname="tests.test_config_paths.TestPlatformPaths" name="test_macos_paths" time="0.000" /><testcase classname="tests.test_config_paths.TestPlatformPaths" name="test_windows_paths" time="0.000"><skipped type="pytest.skip" message="Windows-specific test">/Users/m/Zen/Code/ChatFilter/tests/test_config_paths.py:59: Windows-specific test</skipped></testcase><testcase classname="tests.test_config_paths.TestPlatformPaths" name="test_linux_paths" time="0.000"><skipped type="pytest.skip" message="Linux-specific test">/Users/m/Zen/Code/ChatFilter/tests/test_config_paths.py:71: Linux-specific test</skipped></testcase><testcase classname="tests.test_config_paths.TestPlatformPaths" name="test_paths_are_absolute" time="0.000" /><testcase classname="tests.test_config_paths.TestPlatformPaths" name="test_paths_contain_app_name" time="0.000" /><testcase classname="tests.test_config_validation.TestConfigValidation" name="test_valid_config" time="0.002" /><testcase classname="tests.test_config_validation.TestConfigValidation" name="test_invalid_port_too_low" time="0.001" /><testcase classname="tests.test_config_validation.TestConfigValidation" name="test_data_dir_is_file" time="0.001" /><testcase classname="tests.test_config_validation.TestConfigValidation" name="test_readonly_parent_directory" time="0.001" /><testcase classname="tests.test_config_validation.TestConfigValidation" name="test_port_in_use" time="0.065" /><testcase classname="tests.test_config_validation.TestConfigValidation" name="test_writable_data_directory" time="0.002" /><testcase classname="tests.test_config_validation.TestConfigValidation" name="test_validation_messages_have_fixes" time="0.001" /><testcase classname="tests.test_config_validation.TestConfigCheck" name="test_debug_mode_production_warning" time="0.001" /><testcase classname="tests.test_config_validation.TestConfigCheck" name="test_no_warnings_for_valid_config" time="0.001" /><testcase classname="tests.test_config_validation.TestLoggingConfig" name="test_default_logging_config" time="0.001" /><testcase classname="tests.test_config_validation.TestLoggingConfig" name="test_custom_log_level" time="0.001" /><testcase classname="tests.test_config_validation.TestLoggingConfig" name="test_invalid_log_level" time="0.001" /><testcase classname="tests.test_config_validation.TestLoggingConfig" name="test_log_file_disabled" time="0.001" /><testcase classname="tests.test_config_validation.TestLoggingConfig" name="test_custom_log_rotation_settings" time="0.002" /><testcase classname="tests.test_config_validation.TestLoggingConfig" name="test_log_file_path_property" time="0.001" /><testcase classname="tests.test_config_validation.TestLoggingConfig" name="test_log_dir_creation" time="0.001" /><testcase classname="tests.test_config_validation.TestLoggingConfig" name="test_log_dir_not_created_when_disabled" time="0.001" /><testcase classname="tests.test_config_validation.TestLoggingConfig" name="test_log_config_in_print_config" time="0.001" /><testcase classname="tests.test_conftest_fixtures.TestFakeChatFactory" name="test_creates_default_chat" time="0.000" /><testcase classname="tests.test_conftest_fixtures.TestFakeChatFactory" name="test_creates_custom_chat" time="0.000" /><testcase classname="tests.test_conftest_fixtures.TestFakeChatFactory" name="test_deterministic_with_seed_offset" time="0.000" /><testcase classname="tests.test_conftest_fixtures.TestFakeChatFactory" name="test_different_seed_offsets_produce_different_ids" time="0.000" /><testcase classname="tests.test_conftest_fixtures.TestFakeMessageFactory" name="test_creates_default_message" time="0.000" /><testcase classname="tests.test_conftest_fixtures.TestFakeMessageFactory" name="test_creates_custom_message" time="0.000" /><testcase classname="tests.test_conftest_fixtures.TestFakeMessageFactory" name="test_deterministic_with_seed_offset" time="0.000" /><testcase classname="tests.test_conftest_fixtures.TestMockDialogFactory" name="test_creates_user_dialog" time="0.000" /><testcase classname="tests.test_conftest_fixtures.TestMockDialogFactory" name="test_creates_channel_dialog" time="0.000" /><testcase classname="tests.test_conftest_fixtures.TestMockDialogFactory" name="test_creates_megagroup_dialog" time="0.000" /><testcase classname="tests.test_conftest_fixtures.TestMockDialogFactory" name="test_creates_forum_dialog" time="0.000" /><testcase classname="tests.test_conftest_fixtures.TestMockMessageFactory" name="test_creates_basic_message" time="0.000" /><testcase classname="tests.test_conftest_fixtures.TestMockMessageFactory" name="test_creates_message_with_media" time="0.000" /><testcase classname="tests.test_conftest_fixtures.TestMockMessageFactory" name="test_creates_channel_post" time="0.000" /><testcase classname="tests.test_conftest_fixtures" name="test_mock_telegram_client" time="0.003" /><testcase classname="tests.test_conftest_fixtures.TestEdgeCaseChats" name="test_has_expected_edge_cases" time="0.000" /><testcase classname="tests.test_conftest_fixtures.TestEdgeCaseChats" name="test_empty_chat" time="0.000" /><testcase classname="tests.test_conftest_fixtures.TestEdgeCaseChats" name="test_unicode_chat" time="0.000" /><testcase classname="tests.test_conftest_fixtures.TestEdgeCaseChats" name="test_forum_chat" time="0.000" /><testcase classname="tests.test_conftest_fixtures.TestEdgeCaseMessages" name="test_has_expected_edge_cases" time="0.000" /><testcase classname="tests.test_conftest_fixtures.TestEdgeCaseMessages" name="test_empty_message" time="0.000" /><testcase classname="tests.test_conftest_fixtures.TestEdgeCaseMessages" name="test_unicode_message" time="0.000" /><testcase classname="tests.test_conftest_fixtures.TestEdgeCaseMessages" name="test_emoji_only_message" time="0.000" /><testcase classname="tests.test_conftest_fixtures.TestEdgeCaseMessages" name="test_newlines_message" time="0.000" /><testcase classname="tests.test_disk_utils" name="test_get_available_space" time="0.001" /><testcase classname="tests.test_disk_utils" name="test_get_available_space_nonexistent_file" time="0.001" /><testcase classname="tests.test_disk_utils" name="test_ensure_space_available_success" time="0.001" /><testcase classname="tests.test_disk_utils" name="test_ensure_space_available_insufficient_space" time="0.001" /><testcase classname="tests.test_disk_utils" name="test_ensure_space_available_without_buffer" time="0.001" /><testcase classname="tests.test_disk_utils" name="test_format_bytes" time="0.000" /><testcase classname="tests.test_disk_utils" name="test_disk_space_error_message" time="0.000" /><testcase classname="tests.test_disk_utils" name="test_ensure_space_available_with_real_write" time="0.001" /><testcase classname="tests.test_disk_utils" name="test_ensure_space_available_csv_scenario" time="0.001" /><testcase classname="tests.test_disk_utils" name="test_ensure_space_available_session_scenario" time="0.001" /><testcase classname="tests.test_disk_utils" name="test_get_available_space_error_handling" time="0.000" /><testcase classname="tests.test_e2e_integration.TestE2EIntegration" name="test_csv_export_flow" time="0.015" /><testcase classname="tests.test_e2e_integration.TestE2EIntegration" name="test_session_upload_with_invalid_file" time="0.030" /><testcase classname="tests.test_e2e_integration.TestE2EIntegration" name="test_export_csv_with_empty_results" time="0.013" /><testcase classname="tests.test_e2e_integration.TestE2EIntegration" name="test_export_csv_with_unicode_content" time="0.015" /><testcase classname="tests.test_e2e_integration.TestE2EIntegration" name="test_export_preserves_data_integrity" time="0.012" /><testcase classname="tests.test_error_mapping.TestFormatDuration" name="test_format_seconds" time="0.000" /><testcase classname="tests.test_error_mapping.TestFormatDuration" name="test_format_minutes" time="0.000" /><testcase classname="tests.test_error_mapping.TestFormatDuration" name="test_format_hours" time="0.000" /><testcase classname="tests.test_error_mapping.TestExtractWaitTime" name="test_extract_from_seconds_attribute" time="0.000" /><testcase classname="tests.test_error_mapping.TestExtractWaitTime" name="test_extract_from_error_message" time="0.000" /><testcase classname="tests.test_error_mapping.TestExtractWaitTime" name="test_no_wait_time_found" time="0.000" /><testcase classname="tests.test_error_mapping.TestGetUserFriendlyMessage" name="test_session_expired_error" time="0.000" /><testcase classname="tests.test_error_mapping.TestGetUserFriendlyMessage" name="test_auth_key_unregistered_error" time="0.000" /><testcase classname="tests.test_error_mapping.TestGetUserFriendlyMessage" name="test_chat_forbidden_error" time="0.000" /><testcase classname="tests.test_error_mapping.TestGetUserFriendlyMessage" name="test_channel_private_error" time="0.000" /><testcase classname="tests.test_error_mapping.TestGetUserFriendlyMessage" name="test_user_banned_error" time="0.000" /><testcase classname="tests.test_error_mapping.TestGetUserFriendlyMessage" name="test_flood_wait_error_with_time" time="0.000" /><testcase classname="tests.test_error_mapping.TestGetUserFriendlyMessage" name="test_flood_wait_error_short_time" time="0.000" /><testcase classname="tests.test_error_mapping.TestGetUserFriendlyMessage" name="test_username_invalid_error" time="0.000" /><testcase classname="tests.test_error_mapping.TestGetUserFriendlyMessage" name="test_invite_hash_expired_error" time="0.000" /><testcase classname="tests.test_error_mapping.TestGetUserFriendlyMessage" name="test_timeout_error" time="0.000" /><testcase classname="tests.test_error_mapping.TestGetUserFriendlyMessage" name="test_unknown_error_fallback" time="0.000" /><testcase classname="tests.test_error_mapping.TestGetUserFriendlyMessage" name="test_error_message_pattern_matching_flood" time="0.000" /><testcase classname="tests.test_error_mapping.TestGetUserFriendlyMessage" name="test_error_message_pattern_matching_session" time="0.000" /><testcase classname="tests.test_error_mapping.TestGetUserFriendlyMessage" name="test_error_message_pattern_matching_banned" time="0.000" /><testcase classname="tests.test_error_mapping.TestGetUserFriendlyMessage" name="test_slow_mode_wait_error" time="0.000" /><testcase classname="tests.test_error_mapping.TestGetErrorCategory" name="test_auth_category" time="0.000" /><testcase classname="tests.test_error_mapping.TestGetErrorCategory" name="test_access_category" time="0.000" /><testcase classname="tests.test_error_mapping.TestGetErrorCategory" name="test_rate_limit_category" time="0.000" /><testcase classname="tests.test_error_mapping.TestGetErrorCategory" name="test_network_category" time="0.000" /><testcase classname="tests.test_error_mapping.TestGetErrorCategory" name="test_invalid_input_category" time="0.000" /><testcase classname="tests.test_error_mapping.TestGetErrorCategory" name="test_other_category" time="0.000" /><testcase classname="tests.test_error_mapping.TestShouldRetryOnError" name="test_retry_network_errors" time="0.000" /><testcase classname="tests.test_error_mapping.TestShouldRetryOnError" name="test_no_retry_auth_errors" time="0.000" /><testcase classname="tests.test_error_mapping.TestShouldRetryOnError" name="test_no_retry_access_errors" time="0.000" /><testcase classname="tests.test_error_mapping.TestShouldRetryOnError" name="test_no_retry_invalid_input" time="0.000" /><testcase classname="tests.test_error_mapping.TestShouldRetryOnError" name="test_retry_flood_wait" time="0.000" /><testcase classname="tests.test_error_mapping.TestShouldRetryOnError" name="test_retry_slow_mode" time="0.000" /><testcase classname="tests.test_error_mapping.TestShouldRetryOnError" name="test_no_retry_unknown_errors" time="0.000" /><testcase classname="tests.test_error_mapping.TestErrorMessagesCoverage" name="test_all_error_messages_are_non_empty" time="0.000" /><testcase classname="tests.test_error_mapping.TestErrorMessagesCoverage" name="test_error_messages_are_user_friendly" time="0.000" /><testcase classname="tests.test_error_mapping.TestErrorMessagesCoverage" name="test_error_messages_provide_guidance" time="0.000" /><testcase classname="tests.test_error_mapping.TestErrorMessagesCoverage" name="test_coverage_of_common_telegram_errors" time="0.000" /><testcase classname="tests.test_export_validation.TestAnalysisResultInputValidation" name="test_valid_input" time="0.000" /><testcase classname="tests.test_export_validation.TestAnalysisResultInputValidation" name="test_negative_chat_id" time="0.000" /><testcase classname="tests.test_export_validation.TestAnalysisResultInputValidation" name="test_negative_message_count" time="0.000" /><testcase classname="tests.test_export_validation.TestAnalysisResultInputValidation" name="test_negative_unique_authors" time="0.000" /><testcase classname="tests.test_export_validation.TestAnalysisResultInputValidation" name="test_negative_history_hours" time="0.000" /><testcase classname="tests.test_export_validation.TestAnalysisResultInputValidation" name="test_nan_history_hours" time="0.000" /><testcase classname="tests.test_export_validation.TestAnalysisResultInputValidation" name="test_inf_history_hours" time="0.000" /><testcase classname="tests.test_export_validation.TestAnalysisResultInputValidation" name="test_unique_authors_exceeds_message_count" time="0.000" /><testcase classname="tests.test_export_validation.TestAnalysisResultInputValidation" name="test_messages_without_authors" time="0.000" /><testcase classname="tests.test_export_validation.TestAnalysisResultInputValidation" name="test_inverted_date_range" time="0.000" /><testcase classname="tests.test_export_validation.TestAnalysisResultInputValidation" name="test_future_first_message" time="0.000" /><testcase classname="tests.test_export_validation.TestAnalysisResultInputValidation" name="test_future_last_message" time="0.000" /><testcase classname="tests.test_export_validation.TestAnalysisResultInputValidation" name="test_future_analyzed_at" time="0.000" /><testcase classname="tests.test_export_validation.TestAnalysisResultInputValidation" name="test_analyzed_at_before_last_message" time="0.000" /><testcase classname="tests.test_export_validation.TestAnalysisResultInputValidation" name="test_to_analysis_result_conversion" time="0.000" /><testcase classname="tests.test_export_validation.TestAnalysisResultInputValidation" name="test_empty_chat_valid" time="0.000" /><testcase classname="tests.test_export_validation.TestAnalysisResultInputValidation" name="test_missing_optional_fields" time="0.000" /><testcase classname="tests.test_export_validation.TestAnalysisResultInputValidation" name="test_all_chat_types_valid" time="0.000" /><testcase classname="tests.test_export_validation.TestExportValidationEdgeCases" name="test_very_long_chat_title" time="0.000" /><testcase classname="tests.test_export_validation.TestExportValidationEdgeCases" name="test_unicode_chat_title" time="0.000" /><testcase classname="tests.test_export_validation.TestExportValidationEdgeCases" name="test_zero_values_valid_for_empty_chat" time="0.000" /><testcase classname="tests.test_export_validation.TestExportValidationEdgeCases" name="test_boundary_positive_chat_id" time="0.000" /><testcase classname="tests.test_export_validation.TestExportValidationEdgeCases" name="test_very_large_chat_id" time="0.000" /><testcase classname="tests.test_exporter.TestToCsvRows" name="test_empty_results_yields_header_only" time="0.000" /><testcase classname="tests.test_exporter.TestToCsvRows" name="test_single_result" time="0.000" /><testcase classname="tests.test_exporter.TestToCsvRows" name="test_multiple_results" time="0.000" /><testcase classname="tests.test_exporter.TestToCsvRows" name="test_chat_without_username" time="0.000" /><testcase classname="tests.test_exporter.TestToCsvRows" name="test_different_chat_types" time="0.000" /><testcase classname="tests.test_exporter.TestToCsvRows" name="test_history_hours_formatting" time="0.000" /><testcase classname="tests.test_exporter.TestToCsvRows" name="test_messages_per_hour_formatting" time="0.000" /><testcase classname="tests.test_exporter.TestExportToCsv" name="test_returns_string" time="0.000" /><testcase classname="tests.test_exporter.TestExportToCsv" name="test_includes_bom_by_default" time="0.000" /><testcase classname="tests.test_exporter.TestExportToCsv" name="test_can_exclude_bom" time="0.000" /><testcase classname="tests.test_exporter.TestExportToCsv" name="test_valid_csv_format" time="0.000" /><testcase classname="tests.test_exporter.TestExportToCsv" name="test_writes_to_file" time="0.001" /><testcase classname="tests.test_exporter.TestExportToCsv" name="test_file_has_bom" time="0.001" /><testcase classname="tests.test_exporter.TestExportToCsv" name="test_handles_special_characters" time="0.000" /><testcase classname="tests.test_exporter.TestExportToCsv" name="test_handles_unicode" time="0.000" /><testcase classname="tests.test_exporter.TestExportToCsv" name="test_empty_results_produces_header_only" time="0.000" /><testcase classname="tests.test_exporter.TestExportToCsv" name="test_handles_rtl_characters" time="0.000" /><testcase classname="tests.test_exporter.TestExportToCsv" name="test_handles_zero_width_characters" time="0.000" /><testcase classname="tests.test_exporter.TestExportToCsv" name="test_handles_complex_emoji" time="0.000" /><testcase classname="tests.test_exporter.TestExportToCsv" name="test_handles_mixed_special_characters" time="0.000" /><testcase classname="tests.test_exporter.TestExportToCsv" name="test_handles_newlines_in_chat_title" time="0.000" /><testcase classname="tests.test_exporter.TestExportToCsv" name="test_handles_very_long_chat_names" time="0.000" /><testcase classname="tests.test_exporter.TestExportToCsv" name="test_handles_extremely_long_chat_names_with_unicode" time="0.000" /><testcase classname="tests.test_first_run.TestFirstRun" name="test_first_run_detection" time="0.002" /><testcase classname="tests.test_first_run.TestFirstRun" name="test_first_run_marker_content" time="0.002" /><testcase classname="tests.test_first_run.TestFirstRun" name="test_ensure_data_dirs_returns_empty_on_success" time="0.001" /><testcase classname="tests.test_first_run.TestFirstRun" name="test_ensure_data_dirs_creates_log_dir_when_enabled" time="0.001" /><testcase classname="tests.test_first_run.TestFirstRun" name="test_ensure_data_dirs_handles_permission_errors_gracefully" time="0.001" /><testcase classname="tests.test_first_run.TestFirstRun" name="test_first_run_marker_path_property" time="0.001" /><testcase classname="tests.test_fuzz_parsing.TestFuzzSessionFile" name="test_fuzz_random_bytes_as_session" time="0.195" /><testcase classname="tests.test_fuzz_parsing.TestFuzzSessionFile" name="test_fuzz_valid_sqlite_random_data" time="0.112" /><testcase classname="tests.test_fuzz_parsing.TestFuzzSessionFile" name="test_fuzz_truncated_sqlite_file" time="0.004" /><testcase classname="tests.test_fuzz_parsing.TestFuzzSessionFile" name="test_fuzz_corrupted_sqlite_header" time="0.007" /><testcase classname="tests.test_fuzz_parsing.TestFuzzSessionFile" name="test_fuzz_appended_garbage" time="0.025" /><testcase classname="tests.test_fuzz_parsing.TestFuzzConfigJSON" name="test_fuzz_random_json_strings" time="0.111" /><testcase classname="tests.test_fuzz_parsing.TestFuzzConfigJSON" name="test_fuzz_config_dictionary_values" time="0.016" /><testcase classname="tests.test_fuzz_parsing.TestFuzzConfigJSON" name="test_fuzz_config_field_types" time="0.020" /><testcase classname="tests.test_fuzz_parsing.TestFuzzConfigJSON" name="test_fuzz_invalid_utf8_sequences" time="0.001" /><testcase classname="tests.test_fuzz_parsing.TestFuzzConfigJSON" name="test_fuzz_deeply_nested_json" time="0.014" /><testcase classname="tests.test_fuzz_parsing.TestFuzzAccountMetadata" name="test_fuzz_account_metadata_fields" time="0.036" /><testcase classname="tests.test_fuzz_parsing.TestFuzzAccountMetadata" name="test_fuzz_arbitrary_metadata_dict" time="0.069" /><testcase classname="tests.test_fuzz_parsing.TestFuzzFileSizeLimits" name="test_fuzz_session_file_size_boundaries" time="0.216" /><testcase classname="tests.test_fuzz_parsing.TestFuzzFileSizeLimits" name="test_fuzz_config_file_size_boundaries" time="0.012" /><testcase classname="tests.test_graceful_shutdown.TestGracefulShutdownMiddleware" name="test_middleware_tracks_active_connections" time="0.679" /><testcase classname="tests.test_graceful_shutdown.TestGracefulShutdownMiddleware" name="test_rejects_requests_during_shutdown" time="5.039" /><testcase classname="tests.test_graceful_shutdown.TestGracefulShutdownMiddleware" name="test_health_check_fails_during_shutdown" time="5.037" /><testcase classname="tests.test_graceful_shutdown.TestLifespanShutdown" name="test_lifespan_initializes_app_state" time="0.030" /><testcase classname="tests.test_graceful_shutdown.TestLifespanShutdown" name="test_shutdown_waits_for_active_connections" time="5.027" /><testcase classname="tests.test_graceful_shutdown.TestAppState" name="test_app_state_initialization" time="0.001" /><testcase classname="tests.test_graceful_shutdown.TestAppState" name="test_app_state_tracks_connections" time="0.000" /><testcase classname="tests.test_graceful_shutdown.TestAppState" name="test_app_state_shutdown_flag" time="0.000" /><testcase classname="tests.test_history.TestDatabaseHistoryMethods" name="test_load_completed_tasks_all" time="0.011" /><testcase classname="tests.test_history.TestDatabaseHistoryMethods" name="test_load_completed_tasks_pagination" time="0.009" /><testcase classname="tests.test_history.TestDatabaseHistoryMethods" name="test_load_completed_tasks_status_filter" time="0.008" /><testcase classname="tests.test_history.TestDatabaseHistoryMethods" name="test_count_completed_tasks" time="0.007" /><testcase classname="tests.test_history.TestDatabaseHistoryMethods" name="test_count_completed_tasks_with_filter" time="0.006" /><testcase classname="tests.test_history.TestDatabaseHistoryMethods" name="test_load_completed_tasks_with_results" time="0.006" /><testcase classname="tests.test_history.TestTaskQueueHistoryPreservation" name="test_clear_completed_preserves_database" time="0.004" /><testcase classname="tests.test_history.TestTaskQueueHistoryPreservation" name="test_get_task_with_include_historical" time="0.004" /><testcase classname="tests.test_history.TestHistoryAPI" name="test_list_history_endpoint" time="0.021" /><testcase classname="tests.test_history.TestHistoryAPI" name="test_list_history_pagination" time="0.021" /><testcase classname="tests.test_history.TestHistoryAPI" name="test_list_history_status_filter" time="0.015" /><testcase classname="tests.test_history.TestHistoryAPI" name="test_get_task_history_detail" time="0.016" /><testcase classname="tests.test_history.TestHistoryAPI" name="test_get_nonexistent_task_history" time="0.013" /><testcase classname="tests.test_history.TestHistoryAPI" name="test_history_stats_endpoint" time="0.017" /><testcase classname="tests.test_key_manager.TestEnvironmentBackend" name="test_get_key_not_found" time="0.000" /><testcase classname="tests.test_key_manager.TestEnvironmentBackend" name="test_set_and_get_key" time="0.000" /><testcase classname="tests.test_key_manager.TestEnvironmentBackend" name="test_delete_key" time="0.000" /><testcase classname="tests.test_key_manager.TestEnvironmentBackend" name="test_multiple_keys" time="0.000" /><testcase classname="tests.test_key_manager.TestEnvironmentBackend" name="test_env_var_name_format" time="0.000" /><testcase classname="tests.test_key_manager.TestEnvironmentBackend" name="test_invalid_base64_raises_error" time="0.000"><skipped type="pytest.skip" message="base64.urlsafe_b64decode is too lenient to reliably test invalid input">/Users/m/Zen/Code/ChatFilter/tests/test_key_manager.py:68: base64.urlsafe_b64decode is too lenient to reliably test invalid input</skipped></testcase><testcase classname="tests.test_key_manager.TestPasswordBackend" name="test_requires_password" time="0.000" /><testcase classname="tests.test_key_manager.TestPasswordBackend" name="test_accepts_password_parameter" time="0.192" /><testcase classname="tests.test_key_manager.TestPasswordBackend" name="test_accepts_password_from_env" time="0.176" /><testcase classname="tests.test_key_manager.TestPasswordBackend" name="test_deterministic_key_derivation" time="0.331" /><testcase classname="tests.test_key_manager.TestPasswordBackend" name="test_different_passwords_produce_different_keys" time="0.319" /><testcase classname="tests.test_key_manager.TestPasswordBackend" name="test_different_key_ids_produce_different_keys" time="0.321" /><testcase classname="tests.test_key_manager.TestPasswordBackend" name="test_set_key_validates_match" time="0.171" /><testcase classname="tests.test_key_manager.TestPasswordBackend" name="test_set_key_accepts_matching_key" time="0.316" /><testcase classname="tests.test_key_manager.TestPasswordBackend" name="test_delete_key_is_noop" time="0.317" /><testcase classname="tests.test_key_manager.TestMachineKeyBackend" name="test_get_key_returns_consistent_key" time="0.001" /><testcase classname="tests.test_key_manager.TestMachineKeyBackend" name="test_key_id_ignored" time="0.000" /><testcase classname="tests.test_key_manager.TestMachineKeyBackend" name="test_key_is_valid_fernet_key" time="0.000" /><testcase classname="tests.test_key_manager.TestMachineKeyBackend" name="test_set_key_is_noop" time="0.000" /><testcase classname="tests.test_key_manager.TestMachineKeyBackend" name="test_delete_key_is_noop" time="0.000" /><testcase classname="tests.test_key_manager.TestKeyManager" name="test_create_with_environment_backend" time="0.000" /><testcase classname="tests.test_key_manager.TestKeyManager" name="test_create_with_password_backend" time="0.161" /><testcase classname="tests.test_key_manager.TestKeyManager" name="test_create_with_machine_backend" time="0.000" /><testcase classname="tests.test_key_manager.TestKeyManager" name="test_create_with_invalid_backend" time="0.000" /><testcase classname="tests.test_key_manager.TestKeyManager" name="test_create_auto_tries_environment_first" time="0.000" /><testcase classname="tests.test_key_manager.TestKeyManager" name="test_create_auto_tries_password_from_env" time="0.159" /><testcase classname="tests.test_key_manager.TestKeyManager" name="test_create_auto_falls_back_to_machine" time="0.000" /><testcase classname="tests.test_key_manager.TestKeyManager" name="test_get_key_returns_none_for_missing" time="0.000" /><testcase classname="tests.test_key_manager.TestKeyManager" name="test_get_or_create_key_creates_new_key" time="0.000" /><testcase classname="tests.test_key_manager.TestKeyManager" name="test_get_or_create_key_returns_existing" time="0.000" /><testcase classname="tests.test_key_manager.TestKeyManager" name="test_set_key_validates_length" time="0.000" /><testcase classname="tests.test_key_manager.TestKeyManager" name="test_set_key_calls_backend" time="0.000" /><testcase classname="tests.test_key_manager.TestKeyManager" name="test_delete_key_calls_backend" time="0.000" /><testcase classname="tests.test_key_manager.TestKeyManager" name="test_rotate_key_generates_new_key" time="0.000" /><testcase classname="tests.test_key_manager.TestKeyManager" name="test_rotate_key_requires_old_key_exists" time="0.000" /><testcase classname="tests.test_key_manager.TestKeyManager" name="test_rotate_key_keeps_old_key" time="0.000" /><testcase classname="tests.test_key_manager.TestKeyManagerIntegration" name="test_encrypted_storage_with_environment_backend" time="0.006" /><testcase classname="tests.test_key_manager.TestKeyManagerIntegration" name="test_encrypted_storage_with_password_backend" time="0.327" /><testcase classname="tests.test_key_manager.TestKeyManagerIntegration" name="test_encrypted_storage_with_machine_backend" time="0.001" /><testcase classname="tests.test_key_manager.TestKeyManagerIntegration" name="test_encrypted_storage_backward_compatible" time="0.001" /><testcase classname="tests.test_key_manager.TestKeyManagerIntegration" name="test_cross_backend_compatibility" time="0.001" /><testcase classname="tests.test_leak_detection" name="test_no_leak" time="0.000" /><testcase classname="tests.test_leak_detection" name="test_intentional_leak_with_skip_marker" time="0.001" /><testcase classname="tests.test_leak_detection" name="test_small_allocation" time="0.003" /><testcase classname="tests.test_leak_detection" name="test_large_leak_example" time="0.000"><skipped type="pytest.skip" message="Example of test that would fail leak detection">/Users/m/Zen/Code/ChatFilter/tests/test_leak_detection.py:40: Example of test that would fail leak detection</skipped></testcase><testcase classname="tests.test_leak_detection" name="test_cleanup_after_use" time="0.002" /><testcase classname="tests.test_logging" name="test_setup_logging_console_only" time="0.000" /><testcase classname="tests.test_logging" name="test_setup_logging_debug_mode" time="0.000" /><testcase classname="tests.test_logging" name="test_setup_logging_with_file" time="0.001" /><testcase classname="tests.test_logging" name="test_setup_logging_file_rotation" time="0.010" /><testcase classname="tests.test_logging" name="test_setup_logging_invalid_path" time="0.000" /><testcase classname="tests.test_logging" name="test_setup_logging_format" time="0.001" /><testcase classname="tests.test_logging" name="test_logging_levels" time="0.001" /><testcase classname="tests.test_logging" name="test_setup_logging_clears_existing_handlers" time="0.000" /><testcase classname="tests.test_logging" name="test_log_sanitization_session_tokens" time="0.001" /><testcase classname="tests.test_logging" name="test_log_sanitization_phone_numbers" time="0.001" /><testcase classname="tests.test_logging" name="test_log_sanitization_ip_addresses" time="0.001" /><testcase classname="tests.test_logging" name="test_log_sanitization_bot_tokens" time="0.001" /><testcase classname="tests.test_logging" name="test_log_sanitization_api_hash" time="0.001" /><testcase classname="tests.test_logging" name="test_correlation_id_in_logs" time="0.001" /><testcase classname="tests.test_logging" name="test_correlation_id_context_isolation" time="0.000" /><testcase classname="tests.test_logging" name="test_generate_correlation_id" time="0.000" /><testcase classname="tests.test_logging" name="test_exception_traceback_sanitization" time="0.002" /><testcase classname="tests.test_logging" name="test_exception_with_bot_token_sanitization" time="0.001" /><testcase classname="tests.test_logging" name="test_sanitize_text_function" time="0.000" /><testcase classname="tests.test_logging" name="test_sanitizing_formatter_directly" time="0.000" /><testcase classname="tests.test_memory_stability.TestMemoryCleanup" name="test_clear_completed_tasks_removes_from_memory" time="0.001" /><testcase classname="tests.test_memory_stability.TestMemoryCleanup" name="test_auto_cleanup_triggers_at_threshold" time="0.069" /><testcase classname="tests.test_memory_stability.TestMemoryCleanup" name="test_cleanup_orphaned_subscribers" time="0.035" /><testcase classname="tests.test_memory_stability.TestMemoryCleanup" name="test_chat_analysis_service_cache_clearing" time="0.001" /><testcase classname="tests.test_memory_stability.TestMemoryMonitoring" name="test_get_memory_usage" time="0.000" /><testcase classname="tests.test_memory_stability.TestMemoryMonitoring" name="test_memory_monitor_within_threshold" time="0.000" /><testcase classname="tests.test_memory_stability.TestMemoryMonitoring" name="test_memory_monitor_exceeds_threshold" time="0.000" /><testcase classname="tests.test_memory_stability.TestMemoryMonitoring" name="test_memory_monitor_callback_on_threshold" time="0.000" /><testcase classname="tests.test_memory_stability.TestMemoryMonitoring" name="test_memory_monitor_circuit_breaker" time="0.000" /><testcase classname="tests.test_memory_stability.TestMemoryMonitoring" name="test_memory_tracker_snapshots" time="0.000" /><testcase classname="tests.test_memory_stability.TestMemoryMonitoring" name="test_memory_tracker_missing_snapshot" time="0.000" /><testcase classname="tests.test_memory_stability.TestMemoryStability" name="test_task_queue_memory_stable_over_iterations" time="0.586" /><testcase classname="tests.test_memory_stability.TestMemoryStability" name="test_task_queue_with_memory_monitoring" time="0.254" /><testcase classname="tests.test_memory_stability.TestMemoryStability" name="test_subscriber_queues_cleaned_up" time="0.250" /><testcase classname="tests.test_memory_stability.TestResourceCleanup" name="test_task_results_cleared_on_completion" time="1.190" /><testcase classname="tests.test_memory_stability.TestResourceCleanup" name="test_service_cache_stats" time="0.002" /><testcase classname="tests.test_models_validation.TestChatMetricsValidation" name="test_valid_metrics" time="0.001" /><testcase classname="tests.test_models_validation.TestChatMetricsValidation" name="test_negative_message_count" time="0.001" /><testcase classname="tests.test_models_validation.TestChatMetricsValidation" name="test_negative_unique_authors" time="0.000" /><testcase classname="tests.test_models_validation.TestChatMetricsValidation" name="test_negative_history_hours" time="0.000" /><testcase classname="tests.test_models_validation.TestChatMetricsValidation" name="test_nan_history_hours" time="0.000" /><testcase classname="tests.test_models_validation.TestChatMetricsValidation" name="test_inf_history_hours" time="0.000" /><testcase classname="tests.test_models_validation.TestChatMetricsValidation" name="test_unique_authors_exceeds_message_count" time="0.000" /><testcase classname="tests.test_models_validation.TestChatMetricsValidation" name="test_messages_without_authors" time="0.000" /><testcase classname="tests.test_models_validation.TestChatMetricsValidation" name="test_inverted_date_range" time="0.000" /><testcase classname="tests.test_models_validation.TestChatMetricsValidation" name="test_future_first_message" time="0.000" /><testcase classname="tests.test_models_validation.TestChatMetricsValidation" name="test_future_last_message" time="0.000" /><testcase classname="tests.test_models_validation.TestChatMetricsValidation" name="test_empty_chat_valid" time="0.000" /><testcase classname="tests.test_models_validation.TestChatMetricsValidation" name="test_messages_per_hour_computed_correctly" time="0.000" /><testcase classname="tests.test_models_validation.TestChatMetricsValidation" name="test_messages_per_hour_zero_for_empty" time="0.000" /><testcase classname="tests.test_models_validation.TestChatMetricsValidation" name="test_messages_per_hour_zero_for_zero_history" time="0.000" /><testcase classname="tests.test_models_validation.TestAnalysisResultValidation" name="test_valid_result" time="0.000" /><testcase classname="tests.test_models_validation.TestAnalysisResultValidation" name="test_analyzed_at_in_future" time="0.000" /><testcase classname="tests.test_models_validation.TestAnalysisResultValidation" name="test_analyzed_at_before_last_message" time="0.000" /><testcase classname="tests.test_models_validation.TestAnalysisResultValidation" name="test_analyzed_at_near_last_message_with_tolerance" time="0.000" /><testcase classname="tests.test_models_validation.TestAnalysisResultValidation" name="test_is_active_recent_messages" time="0.000" /><testcase classname="tests.test_models_validation.TestAnalysisResultValidation" name="test_is_active_old_messages" time="0.000" /><testcase classname="tests.test_models_validation.TestAnalysisResultValidation" name="test_is_active_no_messages" time="0.000" /><testcase classname="tests.test_models_validation.TestValidationEdgeCases" name="test_single_message_chat" time="0.000" /><testcase classname="tests.test_models_validation.TestValidationEdgeCases" name="test_very_large_message_count" time="0.001" /><testcase classname="tests.test_models_validation.TestValidationEdgeCases" name="test_very_small_history_hours" time="0.001" /><testcase classname="tests.test_models_validation.TestValidationEdgeCases" name="test_equal_first_and_last_message_times" time="0.000" /><testcase classname="tests.test_network_graceful_degradation.TestDNSCheckStrategy" name="test_dns_check_online" time="0.002" /><testcase classname="tests.test_network_graceful_degradation.TestDNSCheckStrategy" name="test_dns_check_offline" time="0.002" /><testcase classname="tests.test_network_graceful_degradation.TestDNSCheckStrategy" name="test_dns_check_timeout" time="0.002" /><testcase classname="tests.test_network_graceful_degradation.TestTelegramAPICheckStrategy" name="test_telegram_check_online" time="0.002" /><testcase classname="tests.test_network_graceful_degradation.TestTelegramAPICheckStrategy" name="test_telegram_check_offline" time="0.001" /><testcase classname="tests.test_network_graceful_degradation.TestNetworkMonitor" name="test_monitor_caches_status" time="0.001" /><testcase classname="tests.test_network_graceful_degradation.TestNetworkMonitor" name="test_monitor_force_check_bypasses_cache" time="0.002" /><testcase classname="tests.test_network_graceful_degradation.TestNetworkMonitor" name="test_monitor_is_online" time="0.001" /><testcase classname="tests.test_network_graceful_degradation.TestNetworkMonitor" name="test_monitor_ensure_online_when_online" time="0.006" /><testcase classname="tests.test_network_graceful_degradation.TestNetworkMonitor" name="test_monitor_ensure_online_when_offline" time="0.001" /><testcase classname="tests.test_network_graceful_degradation.TestNetworkMonitor" name="test_monitor_wait_for_connectivity_succeeds" time="0.103" /><testcase classname="tests.test_network_graceful_degradation.TestNetworkMonitor" name="test_monitor_wait_for_connectivity_timeout" time="0.509" /><testcase classname="tests.test_network_graceful_degradation.TestNetworkErrorDetection" name="test_detect_network_error_connection_error" time="0.001" /><testcase classname="tests.test_network_graceful_degradation.TestNetworkErrorDetection" name="test_detect_network_error_timeout" time="0.001" /><testcase classname="tests.test_network_graceful_degradation.TestNetworkErrorDetection" name="test_detect_network_error_socket_error" time="0.000" /><testcase classname="tests.test_network_graceful_degradation.TestNetworkErrorDetection" name="test_detect_network_error_network_offline_error" time="0.000" /><testcase classname="tests.test_network_graceful_degradation.TestNetworkErrorDetection" name="test_detect_network_error_by_message" time="0.000" /><testcase classname="tests.test_network_graceful_degradation.TestNetworkErrorDetection" name="test_detect_network_error_non_network" time="0.000" /><testcase classname="tests.test_network_graceful_degradation.TestNetworkGracefulDegradation" name="test_service_handles_network_offline" time="0.108" /><testcase classname="tests.test_network_graceful_degradation.TestNetworkGracefulDegradation" name="test_exception_handler_detects_network_errors" time="0.001" /><testcase classname="tests.test_network_graceful_degradation" name="test_global_network_monitor_singleton" time="0.001" /><testcase classname="tests.test_ports.TestPortAvailability" name="test_port_is_available" time="0.001" /><testcase classname="tests.test_ports.TestPortAvailability" name="test_port_is_not_available" time="0.000" /><testcase classname="tests.test_ports.TestFindAvailablePort" name="test_find_available_port_in_range" time="0.001" /><testcase classname="tests.test_ports.TestFindAvailablePort" name="test_find_available_port_when_all_occupied" time="0.001" /><testcase classname="tests.test_ports.TestFindAvailablePort" name="test_find_available_port_default_range" time="0.000" /><testcase classname="tests.test_ports.TestGetPortInfo" name="test_get_port_info_for_free_port" time="0.066" /><testcase classname="tests.test_ports.TestGetPortInfo" name="test_get_port_info_for_occupied_port" time="0.052" /><testcase classname="tests.test_ports.TestFormatPortConflictMessage" name="test_format_message_for_occupied_port" time="0.050" /><testcase classname="tests.test_ports.TestFormatPortConflictMessage" name="test_format_message_includes_process_info" time="0.098" /><testcase classname="tests.test_rate_limiter.TestRateLimitConfig" name="test_default_config" time="0.000" /><testcase classname="tests.test_rate_limiter.TestRateLimitConfig" name="test_custom_config" time="0.000" /><testcase classname="tests.test_rate_limiter.TestTelegramRateLimiter" name="test_first_call_no_delay" time="0.001" /><testcase classname="tests.test_rate_limiter.TestTelegramRateLimiter" name="test_second_call_enforces_delay" time="0.503" /><testcase classname="tests.test_rate_limiter.TestTelegramRateLimiter" name="test_different_operations_independent" time="0.002" /><testcase classname="tests.test_rate_limiter.TestTelegramRateLimiter" name="test_disabled_rate_limiting" time="0.002" /><testcase classname="tests.test_rate_limiter.TestTelegramRateLimiter" name="test_concurrent_calls_serialized" time="0.604" /><testcase classname="tests.test_rate_limiter.TestTelegramRateLimiter" name="test_natural_delay_honored" time="0.503" /><testcase classname="tests.test_rate_limiter.TestTelegramRateLimiter" name="test_reset_clears_state" time="0.001" /><testcase classname="tests.test_rate_limiter.TestTelegramRateLimiter" name="test_get_config" time="0.001" /><testcase classname="tests.test_rate_limiter.TestTelegramRateLimiter" name="test_update_config" time="0.001" /><testcase classname="tests.test_rate_limiter.TestTelegramRateLimiter" name="test_all_operation_types" time="0.605" /><testcase classname="tests.test_rate_limiter.TestGlobalRateLimiter" name="test_get_rate_limiter_creates_instance" time="0.001" /><testcase classname="tests.test_rate_limiter.TestGlobalRateLimiter" name="test_get_rate_limiter_returns_same_instance" time="0.000" /><testcase classname="tests.test_rate_limiter.TestGlobalRateLimiter" name="test_set_rate_limiter_replaces_instance" time="0.000" /><testcase classname="tests.test_rate_limiter.TestGlobalRateLimiter" name="test_get_rate_limiter_with_config_on_first_call" time="0.000" /><testcase classname="tests.test_retry.TestCalculateBackoffDelay" name="test_exponential_growth" time="0.001" /><testcase classname="tests.test_retry.TestCalculateBackoffDelay" name="test_max_delay_cap" time="0.000" /><testcase classname="tests.test_retry.TestCalculateBackoffDelay" name="test_jitter_adds_randomness" time="0.001" /><testcase classname="tests.test_retry.TestCalculateBackoffDelay" name="test_zero_jitter_deterministic" time="0.000" /><testcase classname="tests.test_retry.TestCalculateBackoffDelay" name="test_negative_delay_prevented" time="0.000" /><testcase classname="tests.test_retry.TestRetryDecorator" name="test_success_on_first_attempt" time="0.001" /><testcase classname="tests.test_retry.TestRetryDecorator" name="test_retry_on_connection_error" time="0.032" /><testcase classname="tests.test_retry.TestRetryDecorator" name="test_retry_on_timeout_error" time="0.012" /><testcase classname="tests.test_retry.TestRetryDecorator" name="test_retry_on_asyncio_timeout_error" time="0.013" /><testcase classname="tests.test_retry.TestRetryDecorator" name="test_retry_on_os_error" time="0.013" /><testcase classname="tests.test_retry.TestRetryDecorator" name="test_retry_on_ssl_error" time="0.011" /><testcase classname="tests.test_retry.TestRetryDecorator" name="test_no_retry_on_cancelled_error" time="0.001" /><testcase classname="tests.test_retry.TestRetryDecorator" name="test_failure_after_max_attempts" time="0.036" /><testcase classname="tests.test_retry.TestRetryDecorator" name="test_exponential_backoff_delays" time="0.304" /><testcase classname="tests.test_retry.TestRetryDecorator" name="test_custom_retryable_exceptions" time="0.012" /><testcase classname="tests.test_retry.TestRetryDecorator" name="test_non_retryable_exception_not_caught" time="0.002" /><testcase classname="tests.test_retry.TestRetryDecorator" name="test_operation_name_in_logs" time="0.012" /><testcase classname="tests.test_retry.TestConvenienceDecorators" name="test_with_retry_for_reads" time="0.912" /><testcase classname="tests.test_retry.TestConvenienceDecorators" name="test_with_retry_for_writes" time="2.185" /><testcase classname="tests.test_retry.TestConvenienceDecorators" name="test_write_decorator_more_conservative" time="5.227" /><testcase classname="tests.test_retry.TestRetryIntegration" name="test_multiple_concurrent_retries" time="0.015" /><testcase classname="tests.test_retry.TestRetryIntegration" name="test_timeout_with_retry" time="0.015" /><testcase classname="tests.test_service_layer.TestChatAnalysisServiceInit" name="test_service_initialization" time="0.003" /><testcase classname="tests.test_service_layer.TestGetSessionPaths" name="test_get_session_paths_success" time="0.003" /><testcase classname="tests.test_service_layer.TestGetSessionPaths" name="test_get_session_paths_nonexistent_session" time="0.002" /><testcase classname="tests.test_service_layer.TestGetSessionPaths" name="test_get_session_paths_incomplete_session" time="0.001" /><testcase classname="tests.test_service_layer.TestGetChats" name="test_get_chats_success" time="0.004" /><testcase classname="tests.test_service_layer.TestGetChatInfo" name="test_get_chat_info_from_cache" time="0.003" /><testcase classname="tests.test_service_layer.TestGetChatInfo" name="test_get_chat_info_not_in_cache" time="0.002" /><testcase classname="tests.test_service_layer.TestAnalyzeChat" name="test_analyze_chat_success" time="0.006" /><testcase classname="tests.test_service_layer.TestAnalyzeChat" name="test_analyze_chat_without_cached_info" time="0.064" /><testcase classname="tests.test_service_layer.TestValidateSession" name="test_validate_session_success" time="0.002" /><testcase classname="tests.test_service_layer.TestValidateSession" name="test_validate_session_not_found" time="0.001" /><testcase classname="tests.test_service_layer.TestValidateSession" name="test_validate_session_validation_error" time="0.002" /><testcase classname="tests.test_session_manager.TestSessionManagerRegistration" name="test_register_session" time="0.000" /><testcase classname="tests.test_session_manager.TestSessionManagerRegistration" name="test_list_sessions_empty" time="0.000" /><testcase classname="tests.test_session_manager.TestSessionManagerRegistration" name="test_unregister_session" time="0.000" /><testcase classname="tests.test_session_manager.TestSessionManagerConnect" name="test_connect_success" time="0.001" /><testcase classname="tests.test_session_manager.TestSessionManagerConnect" name="test_connect_already_connected" time="0.000" /><testcase classname="tests.test_session_manager.TestSessionManagerConnect" name="test_connect_failure" time="3.087" /><testcase classname="tests.test_session_manager.TestSessionManagerConnect" name="test_connect_timeout" time="3.402" /><testcase classname="tests.test_session_manager.TestSessionManagerConnect" name="test_connect_unregistered_session" time="0.002" /><testcase classname="tests.test_session_manager.TestSessionManagerDisconnect" name="test_disconnect_connected_session" time="0.001" /><testcase classname="tests.test_session_manager.TestSessionManagerDisconnect" name="test_disconnect_not_connected" time="0.001" /><testcase classname="tests.test_session_manager.TestSessionManagerDisconnect" name="test_disconnect_nonexistent" time="0.001" /><testcase classname="tests.test_session_manager.TestSessionManagerDisconnect" name="test_disconnect_all" time="0.001" /><testcase classname="tests.test_session_manager.TestSessionManagerContextManager" name="test_context_manager_auto_disconnect" time="0.001" /><testcase classname="tests.test_session_manager.TestSessionManagerContextManager" name="test_context_manager_no_auto_disconnect" time="0.001" /><testcase classname="tests.test_session_manager.TestSessionManagerContextManager" name="test_context_manager_exception_still_disconnects" time="0.001" /><testcase classname="tests.test_session_manager.TestSessionManagerHealthCheck" name="test_is_healthy_connected" time="0.001" /><testcase classname="tests.test_session_manager.TestSessionManagerHealthCheck" name="test_is_healthy_not_connected" time="0.001" /><testcase classname="tests.test_session_manager.TestSessionManagerHealthCheck" name="test_is_healthy_nonexistent" time="0.001" /><testcase classname="tests.test_session_manager.TestSessionManagerInfo" name="test_get_info_registered_not_connected" time="0.000" /><testcase classname="tests.test_session_manager.TestSessionManagerInfo" name="test_get_info_connected" time="0.001" /><testcase classname="tests.test_session_manager.TestSessionManagerInfo" name="test_get_info_nonexistent" time="0.000" /><testcase classname="tests.test_session_manager.TestSessionManagerLocking" name="test_concurrent_connects_serialized" time="0.001" /><testcase classname="tests.test_session_manager.TestSessionManagerLocking" name="test_unregister_connected_raises" time="0.001" /><testcase classname="tests.test_session_manager.TestSessionAuthErrors" name="test_connect_session_revoked_error" time="0.001" /><testcase classname="tests.test_session_manager.TestSessionAuthErrors" name="test_connect_auth_key_unregistered_error" time="0.002" /><testcase classname="tests.test_session_manager.TestSessionAuthErrors" name="test_connect_phone_banned_error" time="0.001" /><testcase classname="tests.test_session_manager.TestSessionAuthErrors" name="test_connect_user_deactivated_ban_error" time="0.001" /><testcase classname="tests.test_session_manager.TestSessionAuthErrors" name="test_connect_session_password_needed_error" time="0.001" /><testcase classname="tests.test_session_manager.TestSessionAuthErrors" name="test_connect_session_expired_error" time="0.001" /><testcase classname="tests.test_session_manager.TestSessionAuthErrors" name="test_invalid_session_state_and_error_message" time="0.001" /><testcase classname="tests.test_session_manager.TestSessionAuthErrors" name="test_reauth_required_state_and_error_message" time="0.001" /><testcase classname="tests.test_session_manager.TestNetworkSwitchHandling" name="test_is_network_switch_error_broken_pipe" time="0.000" /><testcase classname="tests.test_session_manager.TestNetworkSwitchHandling" name="test_is_network_switch_error_connection_reset" time="0.000" /><testcase classname="tests.test_session_manager.TestNetworkSwitchHandling" name="test_is_network_switch_error_connection_aborted" time="0.000" /><testcase classname="tests.test_session_manager.TestNetworkSwitchHandling" name="test_is_network_switch_error_oserror_with_errno" time="0.000" /><testcase classname="tests.test_session_manager.TestNetworkSwitchHandling" name="test_is_network_switch_error_oserror_by_message" time="0.000" /><testcase classname="tests.test_session_manager.TestNetworkSwitchHandling" name="test_is_network_switch_error_regular_error" time="0.000" /><testcase classname="tests.test_session_manager.TestNetworkSwitchHandling" name="test_handle_network_switch_reconnects" time="0.505" /><testcase classname="tests.test_session_manager.TestNetworkSwitchHandling" name="test_handle_network_switch_sets_recovery_flag" time="0.503" /><testcase classname="tests.test_session_manager.TestNetworkSwitchHandling" name="test_handle_network_switch_resets_error_tracking" time="0.505" /><testcase classname="tests.test_session_manager.TestNetworkSwitchHandling" name="test_network_error_tracking_in_info" time="0.002" /><testcase classname="tests.test_session_manager.TestNetworkSwitchHandling" name="test_health_check_clears_old_network_errors" time="0.002" /><testcase classname="tests.test_session_manager.TestNetworkSwitchIntegration" name="test_health_check_detects_and_recovers_from_network_switch" time="0.506" /><testcase classname="tests.test_sessions_router.TestReadUploadWithSizeLimit" name="test_read_small_file" time="0.003" /><testcase classname="tests.test_sessions_router.TestReadUploadWithSizeLimit" name="test_read_file_exceeds_limit" time="0.002" /><testcase classname="tests.test_sessions_router.TestReadUploadWithSizeLimit" name="test_read_exact_limit" time="0.001" /><testcase classname="tests.test_sessions_router.TestReadUploadWithSizeLimit" name="test_read_chunked_file" time="0.001" /><testcase classname="tests.test_sessions_router.TestSanitizeSessionName" name="test_valid_name_alphanumeric" time="0.000" /><testcase classname="tests.test_sessions_router.TestSanitizeSessionName" name="test_valid_name_with_underscore" time="0.001" /><testcase classname="tests.test_sessions_router.TestSanitizeSessionName" name="test_valid_name_with_hyphen" time="0.000" /><testcase classname="tests.test_sessions_router.TestSanitizeSessionName" name="test_removes_path_traversal" time="0.000" /><testcase classname="tests.test_sessions_router.TestSanitizeSessionName" name="test_removes_special_characters" time="0.000" /><testcase classname="tests.test_sessions_router.TestSanitizeSessionName" name="test_empty_after_sanitization_raises" time="0.001" /><testcase classname="tests.test_sessions_router.TestSanitizeSessionName" name="test_truncates_long_name" time="0.000" /><testcase classname="tests.test_sessions_router.TestValidateSessionFileFormat" name="test_valid_session_file" time="0.005" /><testcase classname="tests.test_sessions_router.TestValidateSessionFileFormat" name="test_invalid_not_sqlite" time="0.000" /><testcase classname="tests.test_sessions_router.TestValidateSessionFileFormat" name="test_invalid_missing_sessions_table" time="0.004" /><testcase classname="tests.test_sessions_router.TestValidateSessionFileFormat" name="test_invalid_empty_sessions" time="0.005" /><testcase classname="tests.test_sessions_router.TestValidateSessionFileFormat" name="test_telethon_2x_session_rejected" time="0.004" /><testcase classname="tests.test_sessions_router.TestValidateSessionFileFormat" name="test_valid_telethon_1x_session" time="0.005" /><testcase classname="tests.test_sessions_router.TestValidateConfigFileFormat" name="test_valid_config" time="0.000" /><testcase classname="tests.test_sessions_router.TestValidateConfigFileFormat" name="test_valid_config_api_id_as_string" time="0.000" /><testcase classname="tests.test_sessions_router.TestValidateConfigFileFormat" name="test_invalid_json" time="0.001" /><testcase classname="tests.test_sessions_router.TestValidateConfigFileFormat" name="test_missing_api_id" time="0.000" /><testcase classname="tests.test_sessions_router.TestValidateConfigFileFormat" name="test_missing_api_hash" time="0.000" /><testcase classname="tests.test_sessions_router.TestValidateConfigFileFormat" name="test_invalid_api_id_type" time="0.000" /><testcase classname="tests.test_sessions_router.TestValidateConfigFileFormat" name="test_empty_api_hash" time="0.000" /><testcase classname="tests.test_sessions_router.TestValidateConfigFileFormat" name="test_empty_config_file" time="0.000" /><testcase classname="tests.test_sessions_router.TestValidateConfigFileFormat" name="test_whitespace_only_config" time="0.000" /><testcase classname="tests.test_sessions_router.TestValidateConfigFileFormat" name="test_not_json_object_array" time="0.000" /><testcase classname="tests.test_sessions_router.TestValidateConfigFileFormat" name="test_not_json_object_string" time="0.000" /><testcase classname="tests.test_sessions_router.TestValidateConfigFileFormat" name="test_invalid_utf8" time="0.000" /><testcase classname="tests.test_sessions_router.TestValidateConfigFileFormat" name="test_unknown_fields_lenient" time="0.001" /><testcase classname="tests.test_sessions_router.TestValidateConfigFileFormat" name="test_no_warning_for_known_fields_only" time="0.000" /><testcase classname="tests.test_sessions_router.TestSessionsAPIEndpoints" name="test_get_sessions_empty" time="0.022" /><testcase classname="tests.test_sessions_router.TestSessionsAPIEndpoints" name="test_home_page_loads" time="0.023" /><testcase classname="tests.test_sessions_router.TestSessionsAPIEndpoints" name="test_upload_session_invalid_name" time="0.025" /><testcase classname="tests.test_sessions_router.TestSessionsAPIEndpoints" name="test_upload_session_invalid_session_file" time="0.024" /><testcase classname="tests.test_sessions_router.TestSessionsAPIEndpoints" name="test_upload_session_invalid_config" time="0.026" /><testcase classname="tests.test_sessions_router.TestSessionsAPIEndpoints" name="test_delete_session_not_found" time="0.021" /><testcase classname="tests.test_sessions_router.TestSessionsAPIEndpoints" name="test_delete_session_invalid_name" time="0.021" /><testcase classname="tests.test_sessions_router.TestSessionsAPIEndpoints" name="test_upload_config_file_too_large" time="0.026" /><testcase classname="tests.test_sessions_router.TestSessionsAPIEndpoints" name="test_upload_session_file_too_large" time="0.136" /><testcase classname="tests.test_storage.TestFileStorage" name="test_save_and_load_bytes" time="0.001" /><testcase classname="tests.test_storage.TestFileStorage" name="test_save_and_load_string" time="0.001" /><testcase classname="tests.test_storage.TestFileStorage" name="test_save_creates_parent_dirs" time="0.001" /><testcase classname="tests.test_storage.TestFileStorage" name="test_atomic_write" time="0.001" /><testcase classname="tests.test_storage.TestFileStorage" name="test_load_nonexistent_file" time="0.001" /><testcase classname="tests.test_storage.TestFileStorage" name="test_delete_file" time="0.001" /><testcase classname="tests.test_storage.TestFileStorage" name="test_delete_directory" time="0.001" /><testcase classname="tests.test_storage.TestFileStorage" name="test_delete_nonexistent_path" time="0.001" /><testcase classname="tests.test_storage.TestFileStorage" name="test_exists" time="0.001" /><testcase classname="tests.test_storage.TestFileStorage" name="test_list_files" time="0.001" /><testcase classname="tests.test_storage.TestFileStorage" name="test_list_files_nonexistent_dir" time="0.001" /><testcase classname="tests.test_storage.TestFileStorage" name="test_ensure_dir" time="0.001" /><testcase classname="tests.test_storage.TestFileStorage" name="test_ensure_dir_idempotent" time="0.001" /><testcase classname="tests.test_storage.TestFileStorage" name="test_temp_file_cleanup_on_normal_operation" time="0.001" /><testcase classname="tests.test_storage.TestFileStorage" name="test_temp_file_cleanup_on_error" time="0.001" /><testcase classname="tests.test_storage.TestFileStorage" name="test_orphaned_temp_files_cleanup" time="0.001" /><testcase classname="tests.test_storage.TestFileStorage" name="test_orphaned_temp_files_cleanup_nonexistent_dir" time="0.001" /><testcase classname="tests.test_storage.TestFileStorage" name="test_orphaned_temp_files_cleanup_empty_dir" time="0.001" /><testcase classname="tests.test_storage.TestFileStorage" name="test_atomic_write_temp_file_registration" time="0.001" /><testcase classname="tests.test_storage.TestFileStorage" name="test_cleanup_old_session_files" time="0.002" /><testcase classname="tests.test_storage.TestFileStorage" name="test_cleanup_old_session_files_with_config" time="0.002" /><testcase classname="tests.test_storage.TestFileStorage" name="test_cleanup_old_session_files_nonexistent_dir" time="0.001" /><testcase classname="tests.test_storage.TestFileStorage" name="test_cleanup_old_session_files_empty_dir" time="0.001" /><testcase classname="tests.test_storage.TestFileStorage" name="test_cleanup_old_session_files_no_sessions_old_enough" time="0.001" /><testcase classname="tests.test_storage.TestJSONHelpers" name="test_save_and_load_json" time="0.001" /><testcase classname="tests.test_storage.TestJSONHelpers" name="test_save_json_with_unicode" time="0.001" /><testcase classname="tests.test_storage.TestJSONHelpers" name="test_save_json_creates_dirs" time="0.001" /><testcase classname="tests.test_storage.TestJSONHelpers" name="test_load_json_invalid_file" time="0.001" /><testcase classname="tests.test_storage.TestJSONHelpers" name="test_load_json_nonexistent_file" time="0.001" /><testcase classname="tests.test_storage.TestEncryptedStorage" name="test_save_and_load_encrypted" time="0.001" /><testcase classname="tests.test_storage.TestEncryptedStorage" name="test_save_string_content" time="0.001" /><testcase classname="tests.test_storage.TestEncryptedStorage" name="test_encrypted_file_is_not_plaintext" time="0.001" /><testcase classname="tests.test_storage.TestEncryptedStorage" name="test_machine_derived_key" time="0.001" /><testcase classname="tests.test_storage.TestEncryptedStorage" name="test_wrong_key_fails_decryption" time="0.001" /><testcase classname="tests.test_storage.TestEncryptedStorage" name="test_key_rotation_support" time="0.001" /><testcase classname="tests.test_storage.TestEncryptedStorage" name="test_corrupted_file_raises_error" time="0.001" /><testcase classname="tests.test_storage.TestEncryptedStorage" name="test_invalid_magic_raises_error" time="0.001" /><testcase classname="tests.test_storage.TestEncryptedStorage" name="test_unsupported_version_raises_error" time="0.001" /><testcase classname="tests.test_storage.TestEncryptedStorage" name="test_decorator_delegates_other_methods" time="0.001" /><testcase classname="tests.test_storage.TestEncryptedStorage" name="test_list_files_with_encrypted_storage" time="0.001" /><testcase classname="tests.test_storage.TestEncryptedStorage" name="test_ensure_dir_with_encrypted_storage" time="0.001" /><testcase classname="tests.test_storage.TestEncryptedStorage" name="test_derive_key_from_machine_id_is_deterministic" time="0.000" /><testcase classname="tests.test_storage.TestEncryptedStorage" name="test_derive_key_from_machine_id_is_valid_fernet_key" time="0.000" /><testcase classname="tests.test_storage.TestEncryptedStorage" name="test_encryption_with_unicode_content" time="0.001" /><testcase classname="tests.test_storage.TestEncryptedStorage" name="test_large_file_encryption" time="0.010" /><testcase classname="tests.test_storage.TestEncryptedStorage" name="test_tampered_encrypted_data_fails_decryption" time="0.001" /><testcase classname="tests.test_task_database" name="test_database_initialization" time="0.002" /><testcase classname="tests.test_task_database" name="test_save_and_load_task" time="0.003" /><testcase classname="tests.test_task_database" name="test_load_nonexistent_task" time="0.002" /><testcase classname="tests.test_task_database" name="test_update_task_status" time="0.003" /><testcase classname="tests.test_task_database" name="test_save_task_result" time="0.003" /><testcase classname="tests.test_task_database" name="test_save_multiple_results" time="0.004" /><testcase classname="tests.test_task_database" name="test_load_all_tasks" time="0.004" /><testcase classname="tests.test_task_database" name="test_load_incomplete_tasks" time="0.005" /><testcase classname="tests.test_task_database" name="test_delete_task" time="0.003" /><testcase classname="tests.test_task_database" name="test_delete_task_cascades_results" time="0.004" /><testcase classname="tests.test_task_database" name="test_delete_completed_tasks" time="0.006" /><testcase classname="tests.test_task_database" name="test_task_with_error" time="0.003" /><testcase classname="tests.test_task_database" name="test_current_chat_index_persistence" time="0.002" /><testcase classname="tests.test_task_queue.TestTaskQueue" name="test_create_task" time="0.000" /><testcase classname="tests.test_task_queue.TestTaskQueue" name="test_get_task" time="0.000" /><testcase classname="tests.test_task_queue.TestTaskQueue" name="test_get_nonexistent_task" time="0.000" /><testcase classname="tests.test_task_queue.TestTaskQueue" name="test_get_all_tasks" time="0.000" /><testcase classname="tests.test_task_queue.TestTaskQueue" name="test_run_task_success" time="0.001" /><testcase classname="tests.test_task_queue.TestTaskQueue" name="test_run_task_partial_failure" time="0.001" /><testcase classname="tests.test_task_queue.TestTaskQueue" name="test_subscribe_and_receive_events" time="0.001" /><testcase classname="tests.test_task_queue.TestTaskQueue" name="test_subscribe_nonexistent_task" time="0.001" /><testcase classname="tests.test_task_queue.TestTaskQueue" name="test_cancel_pending_task" time="0.000" /><testcase classname="tests.test_task_queue.TestTaskQueue" name="test_cancel_in_progress_task" time="0.405" /><testcase classname="tests.test_task_queue.TestTaskQueue" name="test_cancel_completed_task" time="0.002" /><testcase classname="tests.test_task_queue.TestTaskQueue" name="test_clear_completed" time="0.001" /><testcase classname="tests.test_task_queue.TestTaskQueue" name="test_find_active_task_exact_match" time="0.001" /><testcase classname="tests.test_task_queue.TestTaskQueue" name="test_find_active_task_order_independent" time="0.001" /><testcase classname="tests.test_task_queue.TestTaskQueue" name="test_find_active_task_no_match_different_session" time="0.001" /><testcase classname="tests.test_task_queue.TestTaskQueue" name="test_find_active_task_no_match_different_chats" time="0.001" /><testcase classname="tests.test_task_queue.TestTaskQueue" name="test_find_active_task_no_match_different_limit" time="0.001" /><testcase classname="tests.test_task_queue.TestTaskQueue" name="test_find_active_task_ignores_completed" time="0.001" /><testcase classname="tests.test_task_queue.TestTaskQueue" name="test_find_active_task_ignores_failed" time="0.001" /><testcase classname="tests.test_task_queue.TestTaskQueue" name="test_find_active_task_finds_in_progress" time="0.001" /><testcase classname="tests.test_task_queue.TestTaskQueue" name="test_find_active_task_returns_first_match" time="0.001" /><testcase classname="tests.test_task_queue.TestTaskQueue" name="test_task_timeout" time="1.003" /><testcase classname="tests.test_task_queue.TestTaskQueue" name="test_per_chat_timeout" time="0.205" /><testcase classname="tests.test_task_queue.TestTaskQueue" name="test_stalled_task_detection" time="5.008" /><testcase classname="tests.test_task_queue.TestTaskQueue" name="test_force_cancel_running_task" time="0.303" /><testcase classname="tests.test_task_queue.TestTaskQueue" name="test_force_cancel_nonexistent_task" time="0.001" /><testcase classname="tests.test_task_queue.TestTaskQueue" name="test_shutdown_cancels_running_tasks" time="0.302" /><testcase classname="tests.test_task_queue.TestTaskQueue" name="test_clear_completed_includes_timeout" time="0.001" /><testcase classname="tests.test_task_queue.TestTaskQueue" name="test_find_active_task_ignores_timeout" time="0.001" /><testcase classname="tests.test_task_queue.TestTaskQueue" name="test_sse_backpressure_consecutive_full_queue" time="0.002" /><testcase classname="tests.test_task_queue.TestTaskQueue" name="test_sse_backpressure_total_dropped_events" time="0.005" /><testcase classname="tests.test_task_queue.TestTaskQueue" name="test_sse_backpressure_healthy_client_not_disconnected" time="0.001" /><testcase classname="tests.test_task_queue.TestTaskQueue" name="test_sse_backpressure_disabled" time="0.001" /><testcase classname="tests.test_task_queue.TestConcurrentTaskLimit" name="test_create_task_within_limit" time="0.001" /><testcase classname="tests.test_task_queue.TestConcurrentTaskLimit" name="test_create_task_exceeds_limit" time="0.001" /><testcase classname="tests.test_task_queue.TestConcurrentTaskLimit" name="test_create_task_after_completion" time="0.001" /><testcase classname="tests.test_task_queue.TestConcurrentTaskLimit" name="test_create_task_disabled_limit" time="0.003" /><testcase classname="tests.test_task_queue.TestConcurrentTaskLimit" name="test_count_active_tasks_excludes_completed" time="0.001" /><testcase classname="tests.test_task_queue.TestGlobalTaskQueue" name="test_get_task_queue_returns_same_instance" time="0.000" /><testcase classname="tests.test_task_queue.TestGlobalTaskQueue" name="test_reset_task_queue" time="0.001" /><testcase classname="tests.test_task_queue_persistence" name="test_task_queue_with_database" time="0.006" /><testcase classname="tests.test_task_queue_persistence" name="test_task_queue_without_database" time="0.001" /><testcase classname="tests.test_task_queue_persistence" name="test_create_task_persists_to_database" time="0.005" /><testcase classname="tests.test_task_queue_persistence" name="test_recovery_loads_incomplete_tasks" time="0.007" /><testcase classname="tests.test_task_queue_persistence" name="test_recovery_resets_in_progress_to_pending" time="0.005" /><testcase classname="tests.test_task_queue_persistence" name="test_cancel_task_persists_to_database" time="0.005" /><testcase classname="tests.test_task_queue_persistence" name="test_clear_completed_removes_from_database" time="0.006"><f
[...]
ed_at" time="0.003" /><testcase classname="tests.test_task_queue_persistence" name="test_stale_task_detection_with_different_threshold" time="0.004" /><testcase classname="tests.test_task_queue_persistence" name="test_stale_task_detection_mixed_recovery" time="0.005" /><testcase classname="tests.test_telegram_client.TestTelegramConfig" name="test_from_json_file_valid" time="0.001" /><testcase classname="tests.test_telegram_client.TestTelegramConfig" name="test_from_json_file_api_id_as_string" time="0.001" /><testcase classname="tests.test_telegram_client.TestTelegramConfig" name="test_from_json_file_not_found" time="0.001" /><testcase classname="tests.test_telegram_client.TestTelegramConfig" name="test_from_json_file_invalid_json" time="0.001" /><testcase classname="tests.test_telegram_client.TestTelegramConfig" name="test_from_json_file_missing_api_id" time="0.001" /><testcase classname="tests.test_telegram_client.TestTelegramConfig" name="test_from_json_file_missing_api_hash" time="0.001" /><testcase classname="tests.test_telegram_client.TestTelegramConfig" name="test_from_json_file_invalid_api_id_type" time="0.001" /><testcase classname="tests.test_telegram_client.TestTelegramConfig" name="test_from_json_file_invalid_api_hash_type" time="0.001" /><testcase classname="tests.test_telegram_client.TestTelegramConfig" name="test_from_json_file_empty_api_hash" time="0.001" /><testcase classname="tests.test_telegram_client.TestValidateSessionFile" name="test_valid_session" time="0.002" /><testcase classname="tests.test_telegram_client.TestValidateSessionFile" name="test_session_not_found" time="0.001" /><testcase classname="tests.test_telegram_client.TestValidateSessionFile" name="test_invalid_file_not_sqlite" time="0.001" /><testcase classname="tests.test_telegram_client.TestValidateSessionFile" name="test_empty_session_no_data" time="0.002" /><testcase classname="tests.test_telegram_client.TestValidateSessionFile" name="test_missing_required_tables" time="0.001" /><testcase classname="tests.test_telegram_client.TestValidateSessionFile" name="test_locked_session_file" time="1.064" /><testcase classname="tests.test_telegram_client.TestValidateSessionFile" name="test_telethon_2x_session_detected" time="0.007" /><testcase classname="tests.test_telegram_client.TestTelegramClientLoader" name="test_validate_success" time="0.005" /><testcase classname="tests.test_telegram_client.TestTelegramClientLoader" name="test_validate_invalid_config" time="0.004" /><testcase classname="tests.test_telegram_client.TestTelegramClientLoader" name="test_validate_invalid_session" time="0.002" /><testcase classname="tests.test_telegram_client.TestTelegramClientLoader" name="test_create_client" time="0.092" /><testcase classname="tests.test_telegram_client.TestTelegramClientLoader" name="test_properties" time="0.001" /><testcase classname="tests.test_telegram_client.TestTelegramClientLoader" name="test_create_client_with_proxy" time="0.004" /><testcase classname="tests.test_telegram_client.TestTelegramClientLoader" name="test_create_client_with_http_proxy" time="0.003" /><testcase classname="tests.test_telegram_client.TestTelegramClientLoader" name="test_create_client_with_disabled_proxy" time="0.003" /><testcase classname="tests.test_telegram_client.TestTelegramClientLoader" name="test_create_client_without_saved_proxy" time="0.003" /><testcase classname="tests.test_telegram_client.TestTelegramClientLoader" name="test_create_client_with_custom_timeout" time="0.003" /><testcase classname="tests.test_telegram_client.TestTelegramClientLoader" name="test_create_client_uses_default_timeout_from_settings" time="0.003" /><testcase classname="tests.test_telegram_client.TestDialogToChat" name="test_user_dialog" time="0.000" /><testcase classname="tests.test_telegram_client.TestDialogToChat" name="test_saved_messages_dialog" time="0.000" /><testcase classname="tests.test_telegram_client.TestDialogToChat" name="test_channel_dialog" time="0.000" /><testcase classname="tests.test_telegram_client.TestDialogToChat" name="test_supergroup_dialog" time="0.001" /><testcase classname="tests.test_telegram_client.TestDialogToChat" name="test_forum_dialog" time="0.000" /><testcase classname="tests.test_telegram_client.TestDialogToChat" name="test_basic_group_dialog" time="0.000" /><testcase classname="tests.test_telegram_client.TestDialogToChat" name="test_unknown_entity_type" time="0.000" /><testcase classname="tests.test_telegram_client.TestGetDialogs" name="test_get_all_dialogs" time="0.001" /><testcase classname="tests.test_telegram_client.TestGetDialogs" name="test_filter_by_chat_type" time="1.001" /><testcase classname="tests.test_telegram_client.TestGetDialogs" name="test_deduplication" time="1.003" /><testcase classname="tests.test_telegram_client.TestGetDialogs" name="test_caching" time="0.999" /><testcase classname="tests.test_telegram_client.TestGetDialogs" name="test_cache_with_filter" time="1.000" /><testcase classname="tests.test_telegram_client.TestGetDialogs" name="test_archived_chats" time="1.003" /><testcase classname="tests.test_telegram_client.TestTelethonMessageToModel" name="test_basic_message" time="0.001" /><testcase classname="tests.test_telegram_client.TestTelethonMessageToModel" name="test_message_with_media" time="0.001" /><testcase classname="tests.test_telegram_client.TestTelethonMessageToModel" name="test_message_no_sender_uses_chat_id" time="0.001" /><testcase classname="tests.test_telegram_client.TestTelethonMessageToModel" name="test_message_with_peer_user" time="0.001" /><testcase classname="tests.test_telegram_client.TestTelethonMessageToModel" name="test_message_empty_returns_none" time="0.000" /><testcase classname="tests.test_telegram_client.TestTelethonMessageToModel" name="test_message_timestamp_is_utc" time="0.001" /><testcase classname="tests.test_telegram_client.TestTelethonMessageToModel" name="test_service_message_returns_none" time="0.001" /><testcase classname="tests.test_telegram_client.TestTelethonMessageToModel" name="test_service_message_join_returns_none" time="0.000" /><testcase classname="tests.test_telegram_client.TestTelethonMessageToModel" name="test_service_message_pin_returns_none" time="0.000" /><testcase classname="tests.test_telegram_client.TestGetMessages" name="test_get_messages_basic" time="0.001" /><testcase classname="tests.test_telegram_client.TestGetMessages" name="test_get_messages_respects_limit" time="7.003" /><testcase classname="tests.test_telegram_client.TestGetMessages" name="test_get_messages_deduplication" time="7.000" /><testcase classname="tests.test_telegram_client.TestGetMessages" name="test_get_messages_sorts_by_timestamp" time="7.000" /><testcase classname="tests.test_telegram_client.TestGetMessages" name="test_get_messages_skips_empty" time="6.999" /><testcase classname="tests.test_telegram_client.TestGetMessages" name="test_get_messages_invalid_limit" time="0.001" /><testcase classname="tests.test_telegram_client.TestGetMessages" name="test_get_messages_chat_not_found_error" time="7.000" /><testcase classname="tests.test_telegram_client.TestGetMessages" name="test_get_messages_access_denied_error" time="7.002" /><testcase classname="tests.test_telegram_client.TestGetMessages" name="test_get_messages_chat_forbidden_error" time="6.997" /><testcase classname="tests.test_telegram_client.TestGetMessages" name="test_get_messages_channel_private_error" time="7.000" /><testcase classname="tests.test_telegram_client.TestGetMessages" name="test_get_messages_user_banned_in_channel_error" time="7.000" /><testcase classname="tests.test_telegram_client.TestGetMessages" name="test_get_messages_rate_limit_error" time="7.001" /><testcase classname="tests.test_telegram_client.TestGetMessages" name="test_get_messages_forum_with_topics" time="7.019" /><testcase classname="tests.test_telegram_client.TestGetMessages" name="test_get_messages_forum_no_topics" time="7.005" /><testcase classname="tests.test_telegram_client.TestGetMessages" name="test_get_messages_non_forum" time="6.991" /><testcase classname="tests.test_telegram_client.TestGetMessages" name="test_get_messages_connection_interrupted_with_resume" time="0.005" /><testcase classname="tests.test_telegram_client.TestGetMessages" name="test_get_messages_connection_interrupted_max_retries" time="0.002" /><testcase classname="tests.test_telegram_client.TestParseChatReference" name="test_username_with_at" time="0.000" /><testcase classname="tests.test_telegram_client.TestParseChatReference" name="test_bare_username" time="0.000" /><testcase classname="tests.test_telegram_client.TestParseChatReference" name="test_public_link_https" time="0.000" /><testcase classname="tests.test_telegram_client.TestParseChatReference" name="test_public_link_http" time="0.000" /><testcase classname="tests.test_telegram_client.TestParseChatReference" name="test_public_link_no_scheme" time="0.000" /><testcase classname="tests.test_telegram_client.TestParseChatReference" name="test_invite_link_joinchat" time="0.000" /><testcase classname="tests.test_telegram_client.TestParseChatReference" name="test_invite_link_plus" time="0.000" /><testcase classname="tests.test_telegram_client.TestParseChatReference" name="test_invite_link_telegram_me" time="0.000" /><testcase classname="tests.test_telegram_client.TestParseChatReference" name="test_empty_string" time="0.000" /><testcase classname="tests.test_telegram_client.TestParseChatReference" name="test_whitespace_only" time="0.000" /><testcase classname="tests.test_telegram_client.TestParseChatReference" name="test_strips_whitespace" time="0.000" /><testcase classname="tests.test_telegram_client.TestJoinChat" name="test_join_by_username" time="0.002" /><testcase classname="tests.test_telegram_client.TestJoinChat" name="test_join_by_invite_link" time="2.002" /><testcase classname="tests.test_telegram_client.TestJoinChat" name="test_join_invalid_reference_raises_value_error" time="0.008" /><testcase classname="tests.test_telegram_client.TestJoinChat" name="test_join_expired_invite_raises_error" time="1.999" /><testcase classname="tests.test_telegram_client.TestJoinChat" name="test_join_banned_user_raises_error" time="1.996" /><testcase classname="tests.test_telegram_client.TestJoinChat" name="test_join_rate_limit_raises_error" time="2.088" /><testcase classname="tests.test_telegram_client.TestJoinChat" name="test_join_username_not_found_raises_error" time="1.846" /><testcase classname="tests.test_telegram_client.TestJoinChat" name="test_join_forum_supergroup" time="1.984" /><testcase classname="tests.test_telethon_api_contract.TestTelethonTypeContracts" name="test_user_type_contract" time="0.001" /><testcase classname="tests.test_telethon_api_contract.TestTelethonTypeContracts" name="test_channel_type_contract" time="0.000" /><testcase classname="tests.test_telethon_api_contract.TestTelethonTypeContracts" name="test_chat_type_contract" time="0.000" /><testcase classname="tests.test_telethon_api_contract.TestTelethonTypeContracts" name="test_message_type_contract" time="0.000" /><testcase classname="tests.test_telethon_api_contract.TestTelethonTypeContracts" name="test_message_service_type_exists" time="0.000" /><testcase classname="tests.test_telethon_api_contract.TestTelethonTypeContracts" name="test_dialog_type_contract" time="0.000" /><testcase classname="tests.test_telethon_api_contract.TestTelethonTypeContracts" name="test_peer_types_contract" time="0.000" /><testcase classname="tests.test_telethon_api_contract.TestTelethonClientContracts" name="test_telegram_client_exists" time="0.000" /><testcase classname="tests.test_telethon_api_contract.TestTelethonClientContracts" name="test_telegram_client_constructor_signature" time="0.001" /><testcase classname="tests.test_telethon_api_contract.TestTelethonClientContracts" name="test_iter_dialogs_method_exists" time="0.000" /><testcase classname="tests.test_telethon_api_contract.TestTelethonClientContracts" name="test_iter_messages_method_exists" time="0.002" /><testcase classname="tests.test_telethon_api_contract.TestTelethonClientContracts" name="test_get_entity_method_exists" time="0.000" /><testcase classname="tests.test_telethon_api_contract.TestTelethonClientContracts" name="test_call_method_exists" time="0.000" /><testcase classname="tests.test_telethon_api_contract.TestTelethonErrorContracts" name="test_chat_forbidden_error_exists" time="0.000" /><testcase classname="tests.test_telethon_api_contract.TestTelethonErrorContracts" name="test_channel_private_error_exists" time="0.000" /><testcase classname="tests.test_telethon_api_contract.TestTelethonErrorContracts" name="test_user_banned_in_channel_error_exists" time="0.000" /><testcase classname="tests.test_telethon_api_contract.TestTelethonErrorContracts" name="test_flood_wait_error_exists" time="0.000" /><testcase classname="tests.test_telethon_api_contract.TestTelethonRequestContracts" name="test_get_forum_topics_request_exists" time="0.000" /><testcase classname="tests.test_telethon_api_contract.TestTelethonRequestContracts" name="test_join_channel_request_exists" time="0.000" /><testcase classname="tests.test_telethon_api_contract.TestTelethonRequestContracts" name="test_import_chat_invite_request_exists" time="0.000" /><testcase classname="tests.test_telethon_api_contract.TestTelethonRequestContracts" name="test_get_full_chat_request_exists" time="0.000" /><testcase classname="tests.test_telethon_api_contract.TestTelethonSessionFileContract" name="test_telethon_1x_session_schema" time="0.006" /><testcase classname="tests.test_telethon_api_contract.TestTelethonSessionFileContract" name="test_telethon_2x_session_detection" time="0.002" /><testcase classname="tests.test_telethon_api_contract.TestTelethonDataStructureContracts" name="test_message_to_model_contract" time="0.000" /><testcase classname="tests.test_telethon_api_contract.TestTelethonDataStructureContracts" name="test_dialog_to_chat_contract" time="0.000" /><testcase classname="tests.test_telethon_api_contract.TestTelethonDataStructureContracts" name="test_entity_types_distinguishable" time="0.000" /><testcase classname="tests.test_telethon_api_contract.TestTelethonDataStructureContracts" name="test_channel_megagroup_and_forum_flags" time="0.000" /><testcase classname="tests.test_telethon_api_contract.TestTelethonVersionCompatibility" name="test_telethon_1x_version" time="0.000" /><testcase classname="tests.test_telethon_api_contract.TestTelethonVersionCompatibility" name="test_telethon_minimum_version" time="0.000" /><testcase classname="tests.test_telethon_api_contract.TestTelethonAPIAssumptions" name="test_negative_id_handling" time="0.000" /><testcase classname="tests.test_telethon_api_contract.TestTelethonAPIAssumptions" name="test_folder_ids_for_archived_chats" time="0.000" /><testcase classname="tests.test_telethon_api_contract.TestTelethonAPIAssumptions" name="test_forum_topics_reply_to_convention" time="0.000" /><testcase classname="tests.test_telethon_api_contract.TestTelethonImportPaths" name="test_telethon_client_import" time="0.000" /><testcase classname="tests.test_telethon_api_contract.TestTelethonImportPaths" name="test_telethon_errors_import" time="0.000" /><testcase classname="tests.test_telethon_api_contract.TestTelethonImportPaths" name="test_telethon_tl_types_import" time="0.000" /><testcase classname="tests.test_telethon_api_contract.TestTelethonImportPaths" name="test_telethon_tl_functions_import" time="0.000" /><testcase classname="tests.test_web_app.TestHealthEndpoint" name="test_health_returns_200" time="0.026" /><testcase classname="tests.test_web_app.TestHealthEndpoint" name="test_health_returns_status_ok" time="0.016" /><testcase classname="tests.test_web_app.TestHealthEndpoint" name="test_health_returns_version" time="0.020" /><testcase classname="tests.test_web_app.TestHealthEndpoint" name="test_health_returns_uptime" time="0.019" /><testcase classname="tests.test_web_app.TestHealthEndpoint" name="test_health_returns_disk_space" time="0.021" /><testcase classname="tests.test_web_app.TestHealthEndpoint" name="test_health_returns_telegram_status" time="0.047" /><testcase classname="tests.test_web_app.TestTelegramStatusEndpoint" name="test_telegram_status_returns_200" time="0.034" /><testcase classname="tests.test_web_app.TestTelegramStatusEndpoint" name="test_telegram_status_returns_valid_structure" time="0.019" /><testcase classname="tests.test_web_app.TestTelegramStatusEndpoint" name="test_telegram_status_without_session_manager" time="0.019" /><testcase classname="tests.test_web_app.TestReadyEndpoint" name="test_ready_returns_200" time="0.015" /><testcase classname="tests.test_web_app.TestReadyEndpoint" name="test_ready_returns_ready_true" time="0.018" /><testcase classname="tests.test_web_app.TestRequestIDMiddleware" name="test_response_has_request_id_header" time="0.018" /><testcase classname="tests.test_web_app.TestRequestIDMiddleware" name="test_request_id_is_uuid_format" time="0.016" /><testcase classname="tests.test_web_app.TestRequestIDMiddleware" name="test_client_provided_request_id_is_preserved" time="0.135" /><testcase classname="tests.test_web_app.TestCORSConfiguration" name="test_cors_headers_present_for_allowed_origin" time="0.013" /><testcase classname="tests.test_web_app.TestCORSConfiguration" name="test_default_cors_allows_localhost" time="0.015" /><testcase classname="tests.test_web_app.TestCORSConfiguration" name="test_cors_allows_only_specified_methods" time="0.019" /><testcase classname="tests.test_web_app.TestCORSConfiguration" name="test_cors_allows_credentials" time="0.012" /><testcase classname="tests.test_web_app.TestCORSConfiguration" name="test_cors_default_origins_include_common_frontend_ports" time="0.016" /><testcase classname="tests.test_web_app.TestCORSConfiguration" name="test_cors_blocks_disallowed_origin" time="0.015" /><testcase classname="tests.test_web_app.TestAppFactory" name="test_create_app_returns_fastapi_instance" time="0.012" /><testcase classname="tests.test_web_app.TestAppFactory" name="test_create_app_with_debug_mode" time="0.010" /><testcase classname="tests.test_web_app.TestAppFactory" name="test_create_app_default_not_debug" time="0.014" /><testcase classname="tests.test_web_app.TestAppFactory" name="test_multiple_app_instances_are_independent" time="0.022" /><testcase classname="tests.test_web_app.TestStaticFiles" name="test_static_css_served" time="0.016" /><testcase classname="tests.test_web_app.TestStaticFiles" name="test_static_404_for_missing_file" time="0.016"><failure message="assert 500 == 404&#10; +  where 500 = &lt;Response [500 Internal Server Error]&gt;.status_code">tests/test_web_app.py:348: in test_static_404_for_missing_file
    assert response.status_code == 404
E   assert 500 == 404
E    +  where 500 = &lt;Response [500 Internal Server Error]&gt;.status_code</failure></testcase><testcase classname="tests.test_web_app.TestExportCsvEndpoint" name="test_export_csv_returns_200" time="0.017" /><testcase classname="tests.test_web_app.TestExportCsvEndpoint" name="test_export_csv_content_type" time="0.014" /><testcase classname="tests.test_web_app.TestExportCsvEndpoint" name="test_export_csv_content_disposition" time="0.015" /><testcase classname="tests.test_web_app.TestExportCsvEndpoint" name="test_export_csv_custom_filename" time="0.013" /><testcase classname="tests.test_web_app.TestExportCsvEndpoint" name="test_export_csv_concurrent_requests_unique_filenames" time="0.029" /><testcase classname="tests.test_web_app.TestExportCsvEndpoint" name="test_export_csv_includes_data" time="0.015" /><testcase classname="tests.test_web_app.TestExportCsvEndpoint" name="test_export_csv_multiple_results" time="0.016" /><testcase classname="tests.test_web_app.TestExportCsvEndpoint" name="test_export_csv_empty_results" time="0.017" /><testcase classname="tests.test_web_app.TestExportCsvEndpoint" name="test_export_csv_invalid_chat_type_returns_422" time="0.044" /></testsuite></testsuites>
