============================= test session starts ==============================
platform darwin -- Python 3.12.11, pytest-9.0.2, pluggy-1.6.0 -- /Users/m/Zen/Code/ChatFilter/.venv/bin/python
cachedir: .pytest_cache
hypothesis profile 'default'
rootdir: /Users/m/Zen/Code/ChatFilter
configfile: pyproject.toml
plugins: anyio-4.12.1, timeout-2.4.0, asyncio-1.3.0, hypothesis-6.151.5
timeout: 30.0s
timeout method: signal
timeout func_only: False
asyncio: mode=Mode.AUTO, debug=False, asyncio_default_fixture_loop_scope=None, asyncio_default_test_loop_scope=function
collecting ... collected 1 item

tests/test_sessions_router.py::TestSessionConnectDisconnectAPI::test_disconnect_session_success FAILED [100%]

=================================== FAILURES ===================================
_______ TestSessionConnectDisconnectAPI.test_disconnect_session_success ________
tests/test_sessions_router.py:1907: in test_disconnect_session_success
    assert "Authorize" in response.text
E   AssertionError: assert 'Authorize' in ''
E    +  where '' = <Response [200 OK]>.text
=========================== short test summary info ============================
FAILED tests/test_sessions_router.py::TestSessionConnectDisconnectAPI::test_disconnect_session_success - AssertionError: assert 'Authorize' in ''
 +  where '' = <Response [200 OK]>.text
============================== 1 failed in 0.70s ===============================
